[2024-08-03 18:55:42,863: INFO: main: This is a custom log !!]
[2024-08-11 15:10:03,929: INFO: common: yaml file: config\config.yaml loaded successfully]
[2024-08-11 15:12:31,377: INFO: common: yaml file: config\config.yaml loaded successfully]
[2024-08-11 15:13:55,009: INFO: common: yaml file: config\config.yaml loaded successfully]
[2024-08-11 15:15:50,049: INFO: common: yaml file: config\config.yaml loaded successfully]
[2024-08-11 15:33:27,598: INFO: common: yaml file: config\config.yaml loaded successfully]
[2024-08-11 15:33:58,328: INFO: common: yaml file: config\config.yaml loaded successfully]
[2024-08-11 15:41:41,471: INFO: common: yaml file: config\config.yaml loaded successfully]
[2024-08-11 15:47:02,193: INFO: common: yaml file: config\config.yaml loaded successfully]
[2024-08-11 15:58:25,639: INFO: common: yaml file: config\config.yaml loaded successfully]
[2024-08-11 16:01:13,466: INFO: common: yaml file: config\config.yaml loaded successfully]
[2024-08-11 16:02:20,273: INFO: common: yaml file: config\config.yaml loaded successfully]
[2024-08-11 16:02:20,278: INFO: common: yaml file: params.yaml loaded successfully]
[2024-08-11 16:02:20,284: INFO: common: yaml file: schema.yaml loaded successfully]
[2024-08-11 16:02:20,289: INFO: common: created directory at: artifacts]
[2024-08-11 16:02:20,292: INFO: common: created directory at: artifacts/data_ingestion]
[2024-08-11 16:02:21,830: INFO: 3447005916: artifacts/data_ingestion/data.zip download! with following info: 
Connection: close
Content-Length: 23329
Cache-Control: max-age=300
Content-Security-Policy: default-src 'none'; style-src 'unsafe-inline'; sandbox
Content-Type: application/zip
ETag: "c69888a4ae59bc5a893392785a938ccd4937981c06ba8a9d6a21aa52b4ab5b6e"
Strict-Transport-Security: max-age=31536000
X-Content-Type-Options: nosniff
X-Frame-Options: deny
X-XSS-Protection: 1; mode=block
X-GitHub-Request-Id: 7258:1A2B9E:B01E2:F2D85:66B89333
Accept-Ranges: bytes
Date: Sun, 11 Aug 2024 10:32:21 GMT
Via: 1.1 varnish
X-Served-By: cache-del21721-DEL
X-Cache: MISS
X-Cache-Hits: 0
X-Timer: S1723372341.779539,VS0,VE278
Vary: Authorization,Accept-Encoding,Origin
Access-Control-Allow-Origin: *
Cross-Origin-Resource-Policy: cross-origin
X-Fastly-Request-ID: 06b66805a0d7e08861cfcbbc857c2479f4bfccad
Expires: Sun, 11 Aug 2024 10:37:21 GMT
Source-Age: 0

]
[2024-08-11 16:23:39,774: INFO: main: This is a custom log !!]
[2024-08-29 23:51:54,527: INFO: common: yaml file: config\config.yaml loaded successfully]
[2024-08-29 23:51:54,532: INFO: common: yaml file: params.yaml loaded successfully]
[2024-08-29 23:51:54,539: INFO: common: yaml file: schema.yaml loaded successfully]
[2024-08-29 23:51:54,543: INFO: common: created directory at: artifacts]
[2024-08-29 23:51:54,547: INFO: common: created directory at: artifacts/data_ingestion]
[2024-08-29 23:51:56,737: INFO: 3447005916: artifacts/data_ingestion/data.zip download! with following info: 
Connection: close
Content-Length: 23329
Cache-Control: max-age=300
Content-Security-Policy: default-src 'none'; style-src 'unsafe-inline'; sandbox
Content-Type: application/zip
ETag: "c69888a4ae59bc5a893392785a938ccd4937981c06ba8a9d6a21aa52b4ab5b6e"
Strict-Transport-Security: max-age=31536000
X-Content-Type-Options: nosniff
X-Frame-Options: deny
X-XSS-Protection: 1; mode=block
X-GitHub-Request-Id: 7699:3E4BF2:3E262:4B345:66D0BC44
Accept-Ranges: bytes
Date: Thu, 29 Aug 2024 18:21:57 GMT
Via: 1.1 varnish
X-Served-By: cache-del21731-DEL
X-Cache: MISS
X-Cache-Hits: 0
X-Timer: S1724955717.033607,VS0,VE337
Vary: Authorization,Accept-Encoding,Origin
Access-Control-Allow-Origin: *
Cross-Origin-Resource-Policy: cross-origin
X-Fastly-Request-ID: 41c5fa62230e3cb70e4e3bff4b413b62379413fe
Expires: Thu, 29 Aug 2024 18:26:57 GMT
Source-Age: 0

]
[2024-08-30 00:19:46,417: INFO: main: >>>>>> Stage Data Ingestion stage started <<<<<<]
[2024-08-30 00:19:46,419: INFO: common: yaml file: config\config.yaml loaded successfully]
[2024-08-30 00:19:46,419: INFO: common: yaml file: params.yaml loaded successfully]
[2024-08-30 00:19:46,421: INFO: common: yaml file: schema.yaml loaded successfully]
[2024-08-30 00:19:46,422: INFO: common: created directory at: artifacts]
[2024-08-30 00:19:46,423: INFO: common: created directory at: artifacts/data_ingestion]
[2024-08-30 00:19:47,947: INFO: data_ingestion: artifacts/data_ingestion/data.zip download! with following info: 
Connection: close
Content-Length: 23329
Cache-Control: max-age=300
Content-Security-Policy: default-src 'none'; style-src 'unsafe-inline'; sandbox
Content-Type: application/zip
ETag: "c69888a4ae59bc5a893392785a938ccd4937981c06ba8a9d6a21aa52b4ab5b6e"
Strict-Transport-Security: max-age=31536000
X-Content-Type-Options: nosniff
X-Frame-Options: deny
X-XSS-Protection: 1; mode=block
X-GitHub-Request-Id: 7699:3E4BF2:3E262:4B345:66D0BC44
Accept-Ranges: bytes
Date: Thu, 29 Aug 2024 18:49:48 GMT
Via: 1.1 varnish
X-Served-By: cache-del21734-DEL
X-Cache: HIT
X-Cache-Hits: 0
X-Timer: S1724957388.245696,VS0,VE353
Vary: Authorization,Accept-Encoding,Origin
Access-Control-Allow-Origin: *
Cross-Origin-Resource-Policy: cross-origin
X-Fastly-Request-ID: 49c2b835fd5d42aed41807c0454f97167715a719
Expires: Thu, 29 Aug 2024 18:54:48 GMT
Source-Age: 0

]
[2024-08-30 00:19:47,964: INFO: main: >>>>>> stage Data Ingestion stage completed <<<<<<

x==========x]
[2024-08-30 01:01:01,513: INFO: common: yaml file: config\config.yaml loaded successfully]
[2024-08-30 01:01:01,523: INFO: common: yaml file: params.yaml loaded successfully]
[2024-08-30 01:01:01,531: INFO: common: yaml file: schema.yaml loaded successfully]
[2024-08-30 01:01:01,533: INFO: common: created directory at: artifacts]
[2024-08-30 01:01:01,534: INFO: common: created directory at: artifacts/data_validation]
[2024-08-30 01:01:46,322: INFO: common: yaml file: config\config.yaml loaded successfully]
[2024-08-30 01:01:46,324: INFO: common: yaml file: params.yaml loaded successfully]
[2024-08-30 01:01:46,330: INFO: common: yaml file: schema.yaml loaded successfully]
[2024-08-30 01:01:46,332: INFO: common: created directory at: artifacts]
[2024-08-30 01:01:46,333: INFO: common: created directory at: artifacts/data_validation]
[2024-08-30 01:03:28,758: INFO: common: yaml file: config\config.yaml loaded successfully]
[2024-08-30 01:03:28,761: INFO: common: yaml file: params.yaml loaded successfully]
[2024-08-30 01:03:28,765: INFO: common: yaml file: schema.yaml loaded successfully]
[2024-08-30 01:03:28,769: INFO: common: created directory at: artifacts]
[2024-08-30 01:03:28,770: INFO: common: created directory at: artifacts/data_validation]
[2024-08-30 01:03:54,340: INFO: common: yaml file: config\config.yaml loaded successfully]
[2024-08-30 01:03:54,343: INFO: common: yaml file: params.yaml loaded successfully]
[2024-08-30 01:03:54,348: INFO: common: yaml file: schema.yaml loaded successfully]
[2024-08-30 01:03:54,350: INFO: common: created directory at: artifacts]
[2024-08-30 01:03:54,352: INFO: common: created directory at: artifacts/data_validation]
[2024-08-30 01:04:36,233: INFO: common: yaml file: config\config.yaml loaded successfully]
[2024-08-30 01:04:36,236: INFO: common: yaml file: params.yaml loaded successfully]
[2024-08-30 01:04:36,242: INFO: common: yaml file: schema.yaml loaded successfully]
[2024-08-30 01:04:36,245: INFO: common: created directory at: artifacts]
[2024-08-30 01:04:36,246: INFO: common: created directory at: artifacts/data_validation]
[2024-08-30 01:57:38,593: INFO: common: yaml file: config\config.yaml loaded successfully]
[2024-08-30 01:57:38,593: INFO: common: yaml file: params.yaml loaded successfully]
[2024-08-30 01:57:38,593: INFO: common: yaml file: schema.yaml loaded successfully]
[2024-08-30 01:57:38,593: INFO: common: created directory at: artifacts]
[2024-08-30 01:57:38,601: INFO: common: created directory at: artifacts/data_validation]
[2024-08-30 01:57:38,627: INFO: main: >>>>>> Stage Data Ingestion stage started <<<<<<]
[2024-08-30 01:57:38,633: INFO: common: yaml file: config\config.yaml loaded successfully]
[2024-08-30 01:57:38,637: INFO: common: yaml file: params.yaml loaded successfully]
[2024-08-30 01:57:38,640: INFO: common: yaml file: schema.yaml loaded successfully]
[2024-08-30 01:57:38,640: INFO: common: created directory at: artifacts]
[2024-08-30 01:57:38,642: INFO: common: created directory at: artifacts/data_ingestion]
[2024-08-30 01:57:38,642: INFO: data_ingestion: File already exists of size: ~ 23 KB]
[2024-08-30 01:57:38,665: INFO: main: >>>>>> stage Data Ingestion stage completed <<<<<<

x==========x]
[2024-08-30 01:57:38,667: INFO: main: >>>>>> stage Data Validation stage started <<<<<<]
[2024-08-30 01:57:38,668: ERROR: main: 'DataValidationTrainingPipeline' object has no attribute 'main']
Traceback (most recent call last):
  File "C:\Users\TN\Desktop\MLops_basic\main.py", line 22, in <module>
    data_ingestion.main()
AttributeError: 'DataValidationTrainingPipeline' object has no attribute 'main'
[2024-08-30 01:58:42,296: INFO: main: >>>>>> Stage Data Ingestion stage started <<<<<<]
[2024-08-30 01:58:42,296: INFO: common: yaml file: config\config.yaml loaded successfully]
[2024-08-30 01:58:42,296: INFO: common: yaml file: params.yaml loaded successfully]
[2024-08-30 01:58:42,296: INFO: common: yaml file: schema.yaml loaded successfully]
[2024-08-30 01:58:42,296: INFO: common: created directory at: artifacts]
[2024-08-30 01:58:42,311: INFO: common: created directory at: artifacts/data_ingestion]
[2024-08-30 01:58:42,312: INFO: data_ingestion: File already exists of size: ~ 23 KB]
[2024-08-30 01:58:42,316: INFO: main: >>>>>> stage Data Ingestion stage completed <<<<<<

x==========x]
[2024-08-30 01:58:42,319: INFO: main: >>>>>> stage Data Validation stage started <<<<<<]
[2024-08-30 01:58:42,325: INFO: common: yaml file: config\config.yaml loaded successfully]
[2024-08-30 01:58:42,326: INFO: common: yaml file: params.yaml loaded successfully]
[2024-08-30 01:58:42,328: INFO: common: yaml file: schema.yaml loaded successfully]
[2024-08-30 01:58:42,330: INFO: common: created directory at: artifacts]
[2024-08-30 01:58:42,330: INFO: common: created directory at: artifacts/data_validation]
[2024-08-30 01:58:42,359: INFO: main: >>>>>> stage Data Validation stage completed <<<<<<

x==========x]
[2024-08-30 02:10:44,214: INFO: common: yaml file: config\config.yaml loaded successfully]
[2024-08-30 02:10:44,219: INFO: common: yaml file: params.yaml loaded successfully]
[2024-08-30 02:10:44,228: INFO: common: yaml file: schema.yaml loaded successfully]
[2024-08-30 02:10:44,231: INFO: common: created directory at: artifacts]
[2024-08-30 02:10:44,233: INFO: common: created directory at: artifacts/data_transformation]
[2024-08-30 02:10:44,292: INFO: 1965497499: Splited data into training and test sets]
[2024-08-30 02:10:44,294: INFO: 1965497499: (1199, 12)]
[2024-08-30 02:10:44,295: INFO: 1965497499: (400, 12)]
[2024-08-30 02:21:51,682: INFO: main: >>>>>> Stage Data Ingestion stage started <<<<<<]
[2024-08-30 02:21:51,682: INFO: common: yaml file: config\config.yaml loaded successfully]
[2024-08-30 02:21:51,682: INFO: common: yaml file: params.yaml loaded successfully]
[2024-08-30 02:21:51,698: INFO: common: yaml file: schema.yaml loaded successfully]
[2024-08-30 02:21:51,700: INFO: common: created directory at: artifacts]
[2024-08-30 02:21:51,701: INFO: common: created directory at: artifacts/data_ingestion]
[2024-08-30 02:21:53,099: INFO: data_ingestion: artifacts/data_ingestion/data.zip download! with following info: 
Connection: close
Content-Length: 23329
Cache-Control: max-age=300
Content-Security-Policy: default-src 'none'; style-src 'unsafe-inline'; sandbox
Content-Type: application/zip
ETag: "c69888a4ae59bc5a893392785a938ccd4937981c06ba8a9d6a21aa52b4ab5b6e"
Strict-Transport-Security: max-age=31536000
X-Content-Type-Options: nosniff
X-Frame-Options: deny
X-XSS-Protection: 1; mode=block
X-GitHub-Request-Id: 7F72:3E404D:4B239:5F8A4:66D0DF69
Accept-Ranges: bytes
Date: Thu, 29 Aug 2024 20:51:53 GMT
Via: 1.1 varnish
X-Served-By: cache-del21723-DEL
X-Cache: MISS
X-Cache-Hits: 0
X-Timer: S1724964713.415475,VS0,VE309
Vary: Authorization,Accept-Encoding,Origin
Access-Control-Allow-Origin: *
Cross-Origin-Resource-Policy: cross-origin
X-Fastly-Request-ID: e6e81b3c3d8541abbf13520725c08a8bc409c932
Expires: Thu, 29 Aug 2024 20:56:53 GMT
Source-Age: 0

]
[2024-08-30 02:21:53,123: INFO: main: >>>>>> stage Data Ingestion stage completed <<<<<<

x==========x]
[2024-08-30 02:21:53,124: INFO: main: >>>>>> stage Data Validation stage started <<<<<<]
[2024-08-30 02:21:53,129: INFO: common: yaml file: config\config.yaml loaded successfully]
[2024-08-30 02:21:53,131: INFO: common: yaml file: params.yaml loaded successfully]
[2024-08-30 02:21:53,134: INFO: common: yaml file: schema.yaml loaded successfully]
[2024-08-30 02:21:53,135: INFO: common: created directory at: artifacts]
[2024-08-30 02:21:53,136: INFO: common: created directory at: artifacts/data_validation]
[2024-08-30 02:21:53,168: INFO: main: >>>>>> stage Data Validation stage completed <<<<<<

x==========x]
[2024-08-30 02:21:53,168: INFO: main: >>>>>> stage Data Transformation stage started <<<<<<]
[2024-08-30 02:21:53,177: INFO: common: yaml file: config\config.yaml loaded successfully]
[2024-08-30 02:21:53,178: INFO: common: yaml file: params.yaml loaded successfully]
[2024-08-30 02:21:53,182: INFO: common: yaml file: schema.yaml loaded successfully]
[2024-08-30 02:21:53,183: INFO: common: created directory at: artifacts]
[2024-08-30 02:21:53,184: INFO: common: created directory at: artifacts/data_transformation]
[2024-08-30 02:21:53,213: INFO: data_tranformation: Splited data into training and test sets]
[2024-08-30 02:21:53,213: INFO: data_tranformation: (1199, 12)]
[2024-08-30 02:21:53,214: INFO: data_tranformation: (400, 12)]
[2024-08-30 02:21:53,214: INFO: main: >>>>>> stage Data Transformation stage completed <<<<<<

x==========x]
[2024-08-30 09:53:54,583: INFO: common: yaml file: config\config.yaml loaded successfully]
[2024-08-30 09:53:54,598: INFO: common: yaml file: params.yaml loaded successfully]
[2024-08-30 09:53:54,615: INFO: common: yaml file: schema.yaml loaded successfully]
[2024-08-30 09:53:54,617: INFO: common: created directory at: artifacts]
[2024-08-30 09:54:20,085: INFO: common: yaml file: config\config.yaml loaded successfully]
[2024-08-30 09:54:20,088: INFO: common: yaml file: params.yaml loaded successfully]
[2024-08-30 09:54:20,095: INFO: common: yaml file: schema.yaml loaded successfully]
[2024-08-30 09:54:20,098: INFO: common: created directory at: artifacts]
[2024-08-30 10:00:24,842: INFO: common: yaml file: config\config.yaml loaded successfully]
[2024-08-30 10:00:24,855: INFO: common: yaml file: params.yaml loaded successfully]
[2024-08-30 10:00:24,861: INFO: common: yaml file: schema.yaml loaded successfully]
[2024-08-30 10:00:24,865: INFO: common: created directory at: artifacts]
[2024-08-30 10:00:24,869: INFO: common: created directory at: artifacts/model_trainer]
[2024-08-30 12:44:56,264: INFO: main: >>>>>> stage Data Ingestion Stage started <<<<<<]
[2024-08-30 12:44:56,280: INFO: common: yaml file: config\config.yaml loaded successfully]
[2024-08-30 12:44:56,280: INFO: common: yaml file: params.yaml loaded successfully]
[2024-08-30 12:44:56,280: INFO: common: yaml file: schema.yaml loaded successfully]
[2024-08-30 12:44:56,280: INFO: common: created directory at: artifacts]
[2024-08-30 12:44:56,280: INFO: common: created directory at: artifacts/data_ingestion]
[2024-08-30 12:44:56,280: INFO: data_ingestion: File already exists of size: ~ 23 KB]
[2024-08-30 12:44:56,296: INFO: main: >>>>>> stage Data Ingestion Stage completed <<<<<<

x==========x]
[2024-08-30 12:44:56,296: INFO: main: >>>>>> stage Data Validation Stage started <<<<<<]
[2024-08-30 12:44:56,296: INFO: common: yaml file: config\config.yaml loaded successfully]
[2024-08-30 12:44:56,296: INFO: common: yaml file: params.yaml loaded successfully]
[2024-08-30 12:44:56,296: INFO: common: yaml file: schema.yaml loaded successfully]
[2024-08-30 12:44:56,296: INFO: common: created directory at: artifacts]
[2024-08-30 12:44:56,296: INFO: common: created directory at: artifacts/data_validation]
[2024-08-30 12:44:56,332: INFO: main: >>>>>> stage Data Validation Stage completed <<<<<<

x==========x]
[2024-08-30 12:44:56,334: INFO: main: >>>>>> stage Data Transformation Stage started <<<<<<]
[2024-08-30 12:44:56,345: INFO: common: yaml file: config\config.yaml loaded successfully]
[2024-08-30 12:44:56,347: INFO: common: yaml file: params.yaml loaded successfully]
[2024-08-30 12:44:56,351: INFO: common: yaml file: schema.yaml loaded successfully]
[2024-08-30 12:44:56,352: INFO: common: created directory at: artifacts]
[2024-08-30 12:44:56,353: INFO: common: created directory at: artifacts/data_transformation]
[2024-08-30 12:44:56,386: INFO: data_tranformation: Splited data into training and test sets]
[2024-08-30 12:44:56,386: INFO: data_tranformation: (1199, 12)]
[2024-08-30 12:44:56,387: INFO: data_tranformation: (400, 12)]
[2024-08-30 12:44:56,388: INFO: main: >>>>>> stage Data Transformation Stage completed <<<<<<

x==========x]
[2024-08-30 12:44:56,389: INFO: main: >>>>>> stage Model Trainer Stage started <<<<<<]
[2024-08-30 12:44:56,390: INFO: common: yaml file: config\config.yaml loaded successfully]
[2024-08-30 12:44:56,394: INFO: common: yaml file: params.yaml loaded successfully]
[2024-08-30 12:44:56,398: INFO: common: yaml file: schema.yaml loaded successfully]
[2024-08-30 12:44:56,400: INFO: common: created directory at: artifacts]
[2024-08-30 12:44:56,401: INFO: common: created directory at: artifacts/model_trainer]
[2024-08-30 12:44:56,449: INFO: main: >>>>>> stage Model Trainer Stage completed <<<<<<

x==========x]
[2024-08-30 12:44:56,449: INFO: main: >>>>>> stage Model evaluation Stage started <<<<<<]
[2024-08-30 12:44:56,461: INFO: common: yaml file: config\config.yaml loaded successfully]
[2024-08-30 12:44:56,464: INFO: common: yaml file: params.yaml loaded successfully]
[2024-08-30 12:44:56,467: INFO: common: yaml file: schema.yaml loaded successfully]
[2024-08-30 12:44:56,467: INFO: common: created directory at: artifacts]
[2024-08-30 12:44:56,468: INFO: common: created directory at: artifacts/model_evaluation]
[2024-08-30 12:44:56,488: INFO: common: json file saved at: artifacts\model_evaluation\metrics.json]
[2024-08-30 12:44:56,488: INFO: main: >>>>>> stage Model evaluation Stage completed <<<<<<

x==========x]
[2024-08-30 12:45:47,015: INFO: main: >>>>>> stage Data Ingestion Stage started <<<<<<]
[2024-08-30 12:45:47,030: INFO: common: yaml file: config\config.yaml loaded successfully]
[2024-08-30 12:45:47,030: INFO: common: yaml file: params.yaml loaded successfully]
[2024-08-30 12:45:47,038: INFO: common: yaml file: schema.yaml loaded successfully]
[2024-08-30 12:45:47,039: INFO: common: created directory at: artifacts]
[2024-08-30 12:45:47,039: INFO: common: created directory at: artifacts/data_ingestion]
[2024-08-30 12:45:47,040: INFO: data_ingestion: File already exists of size: ~ 23 KB]
[2024-08-30 12:45:47,045: INFO: main: >>>>>> stage Data Ingestion Stage completed <<<<<<

x==========x]
[2024-08-30 12:45:47,047: INFO: main: >>>>>> stage Data Validation Stage started <<<<<<]
[2024-08-30 12:45:47,051: INFO: common: yaml file: config\config.yaml loaded successfully]
[2024-08-30 12:45:47,055: INFO: common: yaml file: params.yaml loaded successfully]
[2024-08-30 12:45:47,058: INFO: common: yaml file: schema.yaml loaded successfully]
[2024-08-30 12:45:47,059: INFO: common: created directory at: artifacts]
[2024-08-30 12:45:47,060: INFO: common: created directory at: artifacts/data_validation]
[2024-08-30 12:45:47,081: INFO: main: >>>>>> stage Data Validation Stage completed <<<<<<

x==========x]
[2024-08-30 12:45:47,082: INFO: main: >>>>>> stage Data Transformation Stage started <<<<<<]
[2024-08-30 12:45:47,092: INFO: common: yaml file: config\config.yaml loaded successfully]
[2024-08-30 12:45:47,094: INFO: common: yaml file: params.yaml loaded successfully]
[2024-08-30 12:45:47,097: INFO: common: yaml file: schema.yaml loaded successfully]
[2024-08-30 12:45:47,098: INFO: common: created directory at: artifacts]
[2024-08-30 12:45:47,099: INFO: common: created directory at: artifacts/data_transformation]
[2024-08-30 12:45:47,129: INFO: data_tranformation: Splited data into training and test sets]
[2024-08-30 12:45:47,129: INFO: data_tranformation: (1199, 12)]
[2024-08-30 12:45:47,130: INFO: data_tranformation: (400, 12)]
[2024-08-30 12:45:47,131: INFO: main: >>>>>> stage Data Transformation Stage completed <<<<<<

x==========x]
[2024-08-30 12:45:47,132: INFO: main: >>>>>> stage Model Trainer Stage started <<<<<<]
[2024-08-30 12:45:47,138: INFO: common: yaml file: config\config.yaml loaded successfully]
[2024-08-30 12:45:47,141: INFO: common: yaml file: params.yaml loaded successfully]
[2024-08-30 12:45:47,144: INFO: common: yaml file: schema.yaml loaded successfully]
[2024-08-30 12:45:47,145: INFO: common: created directory at: artifacts]
[2024-08-30 12:45:47,146: INFO: common: created directory at: artifacts/model_trainer]
[2024-08-30 12:45:47,170: INFO: main: >>>>>> stage Model Trainer Stage completed <<<<<<

x==========x]
[2024-08-30 12:45:47,180: INFO: main: >>>>>> stage Model evaluation Stage started <<<<<<]
[2024-08-30 12:45:47,186: INFO: common: yaml file: config\config.yaml loaded successfully]
[2024-08-30 12:45:47,188: INFO: common: yaml file: params.yaml loaded successfully]
[2024-08-30 12:45:47,191: INFO: common: yaml file: schema.yaml loaded successfully]
[2024-08-30 12:45:47,192: INFO: common: created directory at: artifacts]
[2024-08-30 12:45:47,192: INFO: common: created directory at: artifacts/model_evaluation]
[2024-08-30 12:45:47,207: INFO: common: json file saved at: artifacts\model_evaluation\metrics.json]
[2024-08-30 12:45:47,207: INFO: main: >>>>>> stage Model evaluation Stage completed <<<<<<

x==========x]
